build/intermediates/manifest_merge_blame_file/release/manifest-merger-blame-release-report.txt
1<?xml version="1.0" encoding="utf-8"?>
2<manifest xmlns:android="http://schemas.android.com/apk/res/android"
3    package="org.fhi360.lamis.mobile.lite"
4    android:versionCode="59"
5    android:versionName="6.9" >
6
7    <uses-sdk
8        android:minSdkVersion="21"
8-->src/main/AndroidManifest.xml
9        android:targetSdkVersion="28" />
9-->src/main/AndroidManifest.xml
10
11    <uses-permission android:name="android.permission.ACCESS_COARSE_LOCATION" />
11-->src/main/AndroidManifest.xml:6:5-81
11-->src/main/AndroidManifest.xml:6:22-78
12    <uses-permission android:name="android.permission.INTERNET" />
12-->src/main/AndroidManifest.xml:7:5-67
12-->src/main/AndroidManifest.xml:7:22-64
13    <uses-permission android:name="android.permission.ACCESS_NETWORK_STATE" />
13-->src/main/AndroidManifest.xml:8:5-79
13-->src/main/AndroidManifest.xml:8:22-76
14    <uses-permission android:name="android.permission.CAMERA" />
14-->src/main/AndroidManifest.xml:9:5-65
14-->src/main/AndroidManifest.xml:9:22-62
15    <uses-permission android:name="android.permission.RECORD_AUDIO" />
15-->src/main/AndroidManifest.xml:10:5-71
15-->src/main/AndroidManifest.xml:10:22-68
16    <uses-permission android:name="android.permission.WRITE_EXTERNAL_STORAGE" />
16-->src/main/AndroidManifest.xml:11:5-81
16-->src/main/AndroidManifest.xml:11:22-78
17    <uses-permission android:name="android.permission.ACCESS_FINE_LOCATION" />
17-->src/main/AndroidManifest.xml:12:5-79
17-->src/main/AndroidManifest.xml:12:22-76
18    <uses-permission android:name="android.permission.READ_EXTERNAL_STORAGE" />
18-->src/main/AndroidManifest.xml:13:5-80
18-->src/main/AndroidManifest.xml:13:22-77
19    <uses-permission android:name="android.permission.ACCESS_COARSE_LOCATION" />
19-->src/main/AndroidManifest.xml:6:5-81
19-->src/main/AndroidManifest.xml:6:22-78
20    <uses-permission
20-->src/main/AndroidManifest.xml:16:5-18:38
21        android:name="android.permission.WRITE_SETTINGS"
21-->src/main/AndroidManifest.xml:17:9-57
22        android:maxSdkVersion="19" />
22-->src/main/AndroidManifest.xml:18:9-35
23
24    <uses-feature android:name="android.hardware.usb.host" />
24-->src/main/AndroidManifest.xml:20:5-62
24-->src/main/AndroidManifest.xml:20:19-59
25    <uses-feature
25-->[com.google.android.gms:play-services-maps:11.0.2] AndroidManifest.xml:21:5-77
26        android:glEsVersion="0x00020000"
26-->[com.google.android.gms:play-services-maps:11.0.2] AndroidManifest.xml:21:19-51
27        android:required="true" />
27-->[com.google.android.gms:play-services-maps:11.0.2] AndroidManifest.xml:21:52-75
28
29    <application
29-->src/main/AndroidManifest.xml:22:5-228:19
30        android:name="org.fhi360.lamis.mobile.lite.BiometricApplication"
30-->src/main/AndroidManifest.xml:23:9-44
31        android:allowBackup="true"
31-->src/main/AndroidManifest.xml:24:9-35
32        android:appComponentFactory="android.support.v4.app.CoreComponentFactory"
32-->[com.android.support:support-compat:28.0.0] AndroidManifest.xml:22:18-91
33        android:extractNativeLibs="true"
33-->src/main/AndroidManifest.xml:25:9-41
34        android:hardwareAccelerated="true"
34-->src/main/AndroidManifest.xml:26:9-43
35        android:icon="@mipmap/ic_launcher"
35-->src/main/AndroidManifest.xml:27:9-43
36        android:label="@string/app_name"
36-->src/main/AndroidManifest.xml:28:9-41
37        android:largeHeap="true"
37-->src/main/AndroidManifest.xml:29:9-33
38        android:roundIcon="@mipmap/ic_launcher_round"
38-->src/main/AndroidManifest.xml:30:9-54
39        android:supportsRtl="true"
39-->src/main/AndroidManifest.xml:31:9-35
40        android:theme="@style/MyMaterialTheme"
40-->src/main/AndroidManifest.xml:32:9-47
41        android:usesCleartextTraffic="true" >
41-->src/main/AndroidManifest.xml:33:9-44
42
43        <!-- Common -->
44        <activity android:name="com.neurotec.samples.app.InfoActivity" />
44-->src/main/AndroidManifest.xml:35:9-83
44-->src/main/AndroidManifest.xml:35:19-71
45        <activity android:name="com.neurotec.samples.app.DirectoryViewer" />
45-->src/main/AndroidManifest.xml:36:9-86
45-->src/main/AndroidManifest.xml:36:19-74
46
47        <!-- Licensing -->
48        <activity
48-->src/main/AndroidManifest.xml:39:9-41:63
49            android:name="com.neurotec.licensing.gui.ActivationActivity"
49-->src/main/AndroidManifest.xml:40:13-73
50            android:theme="@android:style/Theme.Holo.Light" />
50-->src/main/AndroidManifest.xml:41:13-60
51
52        <!-- Multimodal -->
53        <activity
53-->src/main/AndroidManifest.xml:44:9-52:20
54            android:name="org.fhi360.lamis.mobile.lite.Activities.LoginActivity"
54-->src/main/AndroidManifest.xml:45:13-53
55            android:screenOrientation="portrait"
55-->src/main/AndroidManifest.xml:46:13-49
56            android:theme="@style/AppTheme" >
56-->src/main/AndroidManifest.xml:47:13-44
57            <intent-filter>
57-->src/main/AndroidManifest.xml:48:13-51:29
58                <action android:name="android.intent.action.MAIN" />
58-->src/main/AndroidManifest.xml:49:17-69
58-->src/main/AndroidManifest.xml:49:25-66
59
60                <category android:name="android.intent.category.LAUNCHER" />
60-->src/main/AndroidManifest.xml:50:17-77
60-->src/main/AndroidManifest.xml:50:27-74
61            </intent-filter>
62        </activity>
63        <activity
63-->src/main/AndroidManifest.xml:53:9-59:63
64            android:name="org.fhi360.lamis.mobile.lite.MainActivity"
64-->src/main/AndroidManifest.xml:54:13-69
65            android:hardwareAccelerated="false"
65-->src/main/AndroidManifest.xml:55:13-48
66            android:parentActivityName="org.fhi360.lamis.mobile.lite.Activities.ProfileActivity"
66-->src/main/AndroidManifest.xml:56:13-69
67            android:screenOrientation="portrait"
67-->src/main/AndroidManifest.xml:57:13-49
68            android:taskAffinity="org.fhi360.lamis.mobile.lite"
68-->src/main/AndroidManifest.xml:58:13-64
69            android:theme="@android:style/Theme.Holo.Light" />
69-->src/main/AndroidManifest.xml:59:13-60
70        <activity
70-->src/main/AndroidManifest.xml:61:9-67:63
71            android:name="org.fhi360.lamis.mobile.lite.MainActivity2"
71-->src/main/AndroidManifest.xml:62:13-70
72            android:hardwareAccelerated="false"
72-->src/main/AndroidManifest.xml:63:13-48
73            android:parentActivityName="org.fhi360.lamis.mobile.lite.Activities.Home"
73-->src/main/AndroidManifest.xml:64:13-58
74            android:screenOrientation="portrait"
74-->src/main/AndroidManifest.xml:65:13-49
75            android:taskAffinity="org.fhi360.lamis.mobile.lite"
75-->src/main/AndroidManifest.xml:66:13-64
76            android:theme="@android:style/Theme.Holo.Light" />
76-->src/main/AndroidManifest.xml:67:13-60
77        <activity
77-->src/main/AndroidManifest.xml:69:9-74:63
78            android:name="org.fhi360.lamis.mobile.lite.FingerActivity"
78-->src/main/AndroidManifest.xml:70:13-71
79            android:hardwareAccelerated="true"
79-->src/main/AndroidManifest.xml:71:13-47
80            android:parentActivityName="org.fhi360.lamis.mobile.lite.Activities.Home"
80-->src/main/AndroidManifest.xml:72:13-58
81            android:screenOrientation="portrait"
81-->src/main/AndroidManifest.xml:73:13-49
82            android:theme="@android:style/Theme.Holo.Light" />
82-->src/main/AndroidManifest.xml:74:13-60
83        <activity
83-->src/main/AndroidManifest.xml:76:9-81:63
84            android:name="org.fhi360.lamis.mobile.lite.FingerActivity2"
84-->src/main/AndroidManifest.xml:77:13-72
85            android:hardwareAccelerated="true"
85-->src/main/AndroidManifest.xml:78:13-47
86            android:parentActivityName="org.fhi360.lamis.mobile.lite.Activities.Home"
86-->src/main/AndroidManifest.xml:79:13-58
87            android:screenOrientation="portrait"
87-->src/main/AndroidManifest.xml:80:13-49
88            android:theme="@android:style/Theme.Holo.Light" />
88-->src/main/AndroidManifest.xml:81:13-60
89
90        <!-- Preferences -->
91        <activity
91-->src/main/AndroidManifest.xml:84:9-92:20
92            android:name="org.fhi360.lamis.mobile.lite.MultimodalPreferences"
92-->src/main/AndroidManifest.xml:85:13-78
93            android:parentActivityName="org.fhi360.lamis.mobile.lite.MainActivity"
93-->src/main/AndroidManifest.xml:86:13-83
94            android:screenOrientation="portrait"
94-->src/main/AndroidManifest.xml:87:13-49
95            android:theme="@android:style/Theme.Holo.Light" >
95-->src/main/AndroidManifest.xml:88:13-60
96            <meta-data
96-->src/main/AndroidManifest.xml:89:13-91:80
97                android:name="android.support.PARENT_ACTIVITY"
97-->src/main/AndroidManifest.xml:90:17-63
98                android:value="org.fhi360.lamis.mobile.lite.Activities.Home" />
98-->src/main/AndroidManifest.xml:91:17-77
99        </activity>
100        <activity
100-->src/main/AndroidManifest.xml:95:9-104:20
101            android:name="org.fhi360.lamis.mobile.lite.FingerPreferences"
101-->src/main/AndroidManifest.xml:96:13-74
102            android:label="@string/finger_app_name"
102-->src/main/AndroidManifest.xml:97:13-52
103            android:parentActivityName="org.fhi360.lamis.mobile.lite.FingerActivity"
103-->src/main/AndroidManifest.xml:98:13-85
104            android:screenOrientation="portrait"
104-->src/main/AndroidManifest.xml:99:13-49
105            android:theme="@android:style/Theme.Holo.Light" >
105-->src/main/AndroidManifest.xml:100:13-60
106            <meta-data
106-->src/main/AndroidManifest.xml:89:13-91:80
107                android:name="android.support.PARENT_ACTIVITY"
107-->src/main/AndroidManifest.xml:90:17-63
108                android:value="org.fhi360.lamis.mobile.lite.FingerActivity" />
108-->src/main/AndroidManifest.xml:91:17-77
109        </activity>
110        <activity
110-->src/main/AndroidManifest.xml:107:9-111:47
111            android:name="org.fhi360.lamis.mobile.lite.Activities.PatientRegistration"
111-->src/main/AndroidManifest.xml:108:13-59
112            android:parentActivityName="org.fhi360.lamis.mobile.lite.Activities.Home"
112-->src/main/AndroidManifest.xml:109:13-58
113            android:screenOrientation="portrait"
113-->src/main/AndroidManifest.xml:110:13-49
114            android:theme="@style/AppTheme" />
114-->src/main/AndroidManifest.xml:111:13-44
115        <activity
115-->src/main/AndroidManifest.xml:112:9-116:47
116            android:name="org.fhi360.lamis.mobile.lite.Fragments.SetUp"
116-->src/main/AndroidManifest.xml:113:13-44
117            android:parentActivityName="org.fhi360.lamis.mobile.lite.Activities.Home"
117-->src/main/AndroidManifest.xml:114:13-58
118            android:screenOrientation="portrait"
118-->src/main/AndroidManifest.xml:115:13-49
119            android:theme="@style/AppTheme" />
119-->src/main/AndroidManifest.xml:116:13-44
120        <activity
120-->src/main/AndroidManifest.xml:117:9-121:47
121            android:name="org.fhi360.lamis.mobile.lite.Activities.ProfileActivity2"
121-->src/main/AndroidManifest.xml:118:13-56
122            android:parentActivityName="org.fhi360.lamis.mobile.lite.Activities.Home"
122-->src/main/AndroidManifest.xml:119:13-58
123            android:screenOrientation="portrait"
123-->src/main/AndroidManifest.xml:120:13-49
124            android:theme="@style/AppTheme" />
124-->src/main/AndroidManifest.xml:121:13-44
125        <activity
125-->src/main/AndroidManifest.xml:122:9-126:47
126            android:name="org.fhi360.lamis.mobile.lite.Activities.StatusHistoryActivity"
126-->src/main/AndroidManifest.xml:123:13-61
127            android:parentActivityName="org.fhi360.lamis.mobile.lite.Activities.Home"
127-->src/main/AndroidManifest.xml:124:13-58
128            android:screenOrientation="portrait"
128-->src/main/AndroidManifest.xml:125:13-49
129            android:theme="@style/AppTheme" />
129-->src/main/AndroidManifest.xml:126:13-44
130        <activity
130-->src/main/AndroidManifest.xml:127:9-131:47
131            android:name="org.fhi360.lamis.mobile.lite.Activities.EditHts"
131-->src/main/AndroidManifest.xml:128:13-47
132            android:parentActivityName="org.fhi360.lamis.mobile.lite.Activities.ProfileActivity"
132-->src/main/AndroidManifest.xml:129:13-69
133            android:screenOrientation="portrait"
133-->src/main/AndroidManifest.xml:130:13-49
134            android:theme="@style/AppTheme" />
134-->src/main/AndroidManifest.xml:131:13-44
135        <activity
135-->src/main/AndroidManifest.xml:132:9-136:47
136            android:name="org.fhi360.lamis.mobile.lite.Activities.EditPatient"
136-->src/main/AndroidManifest.xml:133:13-51
137            android:parentActivityName="org.fhi360.lamis.mobile.lite.Activities.ProfileActivity"
137-->src/main/AndroidManifest.xml:134:13-69
138            android:screenOrientation="portrait"
138-->src/main/AndroidManifest.xml:135:13-49
139            android:theme="@style/AppTheme" />
139-->src/main/AndroidManifest.xml:136:13-44
140        <activity
140-->src/main/AndroidManifest.xml:137:9-141:47
141            android:name="org.fhi360.lamis.mobile.lite.Activities.EditPatient2"
141-->src/main/AndroidManifest.xml:138:13-52
142            android:parentActivityName="org.fhi360.lamis.mobile.lite.Activities.PatientRegistration"
142-->src/main/AndroidManifest.xml:139:13-73
143            android:screenOrientation="portrait"
143-->src/main/AndroidManifest.xml:140:13-49
144            android:theme="@style/AppTheme" />
144-->src/main/AndroidManifest.xml:141:13-44
145        <activity
145-->src/main/AndroidManifest.xml:142:9-146:47
146            android:name="org.fhi360.lamis.mobile.lite.Activities.EditIndexSexualContact"
146-->src/main/AndroidManifest.xml:143:13-62
147            android:parentActivityName="org.fhi360.lamis.mobile.lite.Activities.ProfileActivity"
147-->src/main/AndroidManifest.xml:144:13-69
148            android:screenOrientation="portrait"
148-->src/main/AndroidManifest.xml:145:13-49
149            android:theme="@style/AppTheme" />
149-->src/main/AndroidManifest.xml:146:13-44
150        <activity
150-->src/main/AndroidManifest.xml:147:9-151:47
151            android:name="org.fhi360.lamis.mobile.lite.Activities.EditIndex"
151-->src/main/AndroidManifest.xml:148:13-49
152            android:parentActivityName="org.fhi360.lamis.mobile.lite.Activities.ProfileActivity"
152-->src/main/AndroidManifest.xml:149:13-69
153            android:screenOrientation="portrait"
153-->src/main/AndroidManifest.xml:150:13-49
154            android:theme="@style/AppTheme" />
154-->src/main/AndroidManifest.xml:151:13-44
155        <activity
155-->src/main/AndroidManifest.xml:153:9-157:47
156            android:name="org.fhi360.lamis.mobile.lite.Activities.RecencyTesting"
156-->src/main/AndroidManifest.xml:154:13-54
157            android:parentActivityName="org.fhi360.lamis.mobile.lite.Activities.ProfileActivity"
157-->src/main/AndroidManifest.xml:155:13-69
158            android:screenOrientation="portrait"
158-->src/main/AndroidManifest.xml:156:13-49
159            android:theme="@style/AppTheme" />
159-->src/main/AndroidManifest.xml:157:13-44
160        <activity
160-->src/main/AndroidManifest.xml:159:9-163:47
161            android:name="org.fhi360.lamis.mobile.lite.Activities.RecencyTesting2"
161-->src/main/AndroidManifest.xml:160:13-55
162            android:parentActivityName="org.fhi360.lamis.mobile.lite.Activities.ProfileActivity"
162-->src/main/AndroidManifest.xml:161:13-69
163            android:screenOrientation="portrait"
163-->src/main/AndroidManifest.xml:162:13-49
164            android:theme="@style/AppTheme" />
164-->src/main/AndroidManifest.xml:163:13-44
165        <activity
165-->src/main/AndroidManifest.xml:164:9-168:47
166            android:name="org.fhi360.lamis.mobile.lite.Activities.EditPatient3"
166-->src/main/AndroidManifest.xml:165:13-52
167            android:parentActivityName="org.fhi360.lamis.mobile.lite.Activities.ProfileActivity2"
167-->src/main/AndroidManifest.xml:166:13-70
168            android:screenOrientation="portrait"
168-->src/main/AndroidManifest.xml:167:13-49
169            android:theme="@style/AppTheme" />
169-->src/main/AndroidManifest.xml:168:13-44
170        <activity
170-->src/main/AndroidManifest.xml:169:9-173:47
171            android:name="org.fhi360.lamis.mobile.lite.Activities.ClientTracking2"
171-->src/main/AndroidManifest.xml:170:13-55
172            android:parentActivityName="org.fhi360.lamis.mobile.lite.Activities.Home"
172-->src/main/AndroidManifest.xml:171:13-58
173            android:screenOrientation="portrait"
173-->src/main/AndroidManifest.xml:172:13-49
174            android:theme="@style/AppTheme" />
174-->src/main/AndroidManifest.xml:173:13-44
175        <activity
175-->src/main/AndroidManifest.xml:174:9-176:52
176            android:name="org.fhi360.lamis.mobile.lite.Activities.Home"
176-->src/main/AndroidManifest.xml:175:13-44
177            android:screenOrientation="portrait" />
177-->src/main/AndroidManifest.xml:176:13-49
178        <activity
178-->src/main/AndroidManifest.xml:177:9-181:47
179            android:name="org.fhi360.lamis.mobile.lite.Activities.ProfileActivity"
179-->src/main/AndroidManifest.xml:178:13-55
180            android:parentActivityName="org.fhi360.lamis.mobile.lite.Activities.Home"
180-->src/main/AndroidManifest.xml:179:13-58
181            android:screenOrientation="portrait"
181-->src/main/AndroidManifest.xml:180:13-49
182            android:theme="@style/AppTheme" />
182-->src/main/AndroidManifest.xml:181:13-44
183        <activity
183-->src/main/AndroidManifest.xml:182:9-186:47
184            android:name="org.fhi360.lamis.mobile.lite.Activities.ArtCommencement"
184-->src/main/AndroidManifest.xml:183:13-55
185            android:parentActivityName="org.fhi360.lamis.mobile.lite.Activities.PatientRegistration"
185-->src/main/AndroidManifest.xml:184:13-73
186            android:screenOrientation="portrait"
186-->src/main/AndroidManifest.xml:185:13-49
187            android:theme="@style/AppTheme" />
187-->src/main/AndroidManifest.xml:186:13-44
188        <activity
188-->src/main/AndroidManifest.xml:187:9-191:47
189            android:name="org.fhi360.lamis.mobile.lite.Activities.ArtCommencement2"
189-->src/main/AndroidManifest.xml:188:13-56
190            android:parentActivityName="org.fhi360.lamis.mobile.lite.Activities.PatientRegistration"
190-->src/main/AndroidManifest.xml:189:13-73
191            android:screenOrientation="portrait"
191-->src/main/AndroidManifest.xml:190:13-49
192            android:theme="@style/AppTheme" />
192-->src/main/AndroidManifest.xml:191:13-44
193        <activity
193-->src/main/AndroidManifest.xml:192:9-196:47
194            android:name="org.fhi360.lamis.mobile.lite.Activities.HtsRegistration"
194-->src/main/AndroidManifest.xml:193:13-55
195            android:parentActivityName="org.fhi360.lamis.mobile.lite.Activities.Home"
195-->src/main/AndroidManifest.xml:194:13-58
196            android:screenOrientation="portrait"
196-->src/main/AndroidManifest.xml:195:13-49
197            android:theme="@style/AppTheme" />
197-->src/main/AndroidManifest.xml:196:13-44
198        <activity
198-->src/main/AndroidManifest.xml:197:9-201:47
199            android:name="org.fhi360.lamis.mobile.lite.Activities.CreateAccount"
199-->src/main/AndroidManifest.xml:198:13-53
200            android:parentActivityName="org.fhi360.lamis.mobile.lite.Activities.LoginActivity"
200-->src/main/AndroidManifest.xml:199:13-67
201            android:screenOrientation="portrait"
201-->src/main/AndroidManifest.xml:200:13-49
202            android:theme="@style/AppTheme" />
202-->src/main/AndroidManifest.xml:201:13-44
203        <activity
203-->src/main/AndroidManifest.xml:202:9-206:47
204            android:name="org.fhi360.lamis.mobile.lite.Activities.EditArtCommencement"
204-->src/main/AndroidManifest.xml:203:13-59
205            android:parentActivityName="org.fhi360.lamis.mobile.lite.Activities.ProfileActivity"
205-->src/main/AndroidManifest.xml:204:13-69
206            android:screenOrientation="portrait"
206-->src/main/AndroidManifest.xml:205:13-49
207            android:theme="@style/AppTheme" />
207-->src/main/AndroidManifest.xml:206:13-44
208        <activity
208-->src/main/AndroidManifest.xml:207:9-211:47
209            android:name="org.fhi360.lamis.mobile.lite.Activities.EditArtCommencement2"
209-->src/main/AndroidManifest.xml:208:13-60
210            android:parentActivityName="org.fhi360.lamis.mobile.lite.Activities.ProfileActivity"
210-->src/main/AndroidManifest.xml:209:13-69
211            android:screenOrientation="portrait"
211-->src/main/AndroidManifest.xml:210:13-49
212            android:theme="@style/AppTheme" />
212-->src/main/AndroidManifest.xml:211:13-44
213        <activity
213-->src/main/AndroidManifest.xml:212:9-215:47
214            android:name="org.fhi360.lamis.mobile.lite.Activities.Activation"
214-->src/main/AndroidManifest.xml:213:13-50
215            android:screenOrientation="portrait"
215-->src/main/AndroidManifest.xml:214:13-49
216            android:theme="@style/AppTheme" />
216-->src/main/AndroidManifest.xml:215:13-44
217        <activity
217-->src/main/AndroidManifest.xml:216:9-220:47
218            android:name="org.fhi360.lamis.mobile.lite.Activities.IndexTesting"
218-->src/main/AndroidManifest.xml:217:13-52
219            android:parentActivityName="org.fhi360.lamis.mobile.lite.Activities.ProfileActivity"
219-->src/main/AndroidManifest.xml:218:13-69
220            android:screenOrientation="portrait"
220-->src/main/AndroidManifest.xml:219:13-49
221            android:theme="@style/AppTheme" />
221-->src/main/AndroidManifest.xml:220:13-44
222
223        <meta-data
223-->src/main/AndroidManifest.xml:222:9-224:69
224            android:name="com.google.android.gms.version"
224-->src/main/AndroidManifest.xml:223:13-58
225            android:value="@integer/google_play_services_version" />
225-->src/main/AndroidManifest.xml:224:13-66
226        <meta-data
226-->src/main/AndroidManifest.xml:225:9-227:55
227            android:name="com.google.android.geo.API_KEY"
227-->src/main/AndroidManifest.xml:226:13-58
228            android:value="@string/google_maps_key" />
228-->src/main/AndroidManifest.xml:227:13-52
229
230        <activity
230-->[com.karumi:dexter:4.2.0] AndroidManifest.xml:27:9-29:72
231            android:name="com.karumi.dexter.DexterActivity"
231-->[com.karumi:dexter:4.2.0] AndroidManifest.xml:28:13-60
232            android:theme="@style/Dexter.Internal.Theme.Transparent" />
232-->[com.karumi:dexter:4.2.0] AndroidManifest.xml:29:13-69
233        <activity
233-->[com.google.android.gms:play-services-base:11.0.2] AndroidManifest.xml:19:9-172
234            android:name="com.google.android.gms.common.api.GoogleApiActivity"
234-->[com.google.android.gms:play-services-base:11.0.2] AndroidManifest.xml:19:19-85
235            android:exported="false"
235-->[com.google.android.gms:play-services-base:11.0.2] AndroidManifest.xml:19:146-170
236            android:theme="@android:style/Theme.Translucent.NoTitleBar" />
236-->[com.google.android.gms:play-services-base:11.0.2] AndroidManifest.xml:19:86-145
237    </application>
238
239</manifest>